0000000000000000 b _TLS_MODULE_BASE_
0000000000000000 T __code_start
0000000000000000 0000000000000401 b __fixedpath
0000000000000000 A __start__
0000000000000000 T _start
0000000000000080 t startup
00000000000000a4 t bssclr_start
00000000000000cc t bss_loop
0000000000000120 T __nx_exit
0000000000000130 T __nx_mod0
0000000000000158 T _init
00000000000001c0 0000000000000038 T exit
0000000000000200 000000000000042c T main
0000000000000408 0000000000002000 b tmp_buffer.7247
0000000000000630 t deregister_tm_clones
0000000000000660 t register_tm_clones
0000000000000698 t __do_global_dtors_aux
00000000000006e0 t frame_dummy
0000000000000720 00000000000000b4 T strcheck
00000000000007e0 0000000000000220 t ipcPrepareHeader
0000000000000a00 000000000000022c t ipcParse
0000000000000c30 00000000000000b0 t serviceIpcParse
0000000000000ce0 0000000000000078 t ipcConvertSessionToDomain
0000000000000d60 0000000000000084 t ipcCloneSession.constprop.52
0000000000000df0 0000000000000034 t ipcCloseObjectById
0000000000000e30 000000000000006c t serviceClose
0000000000000ea0 000000000000019c t _appletReceiveMessage
0000000000001040 0000000000000164 t _appletCmdNoIO
00000000000011b0 000000000000018c t _appletGetOperationMode.constprop.43
0000000000001340 000000000000018c t _appletGetCurrentFocusState.constprop.45
00000000000014d0 000000000000018c t _appletGetPerformanceMode.constprop.44
0000000000001660 00000000000001d8 t _appletGetSession
0000000000001840 000000000000017c t _appletCmdNoInOut64
00000000000019c0 0000000000000164 t _appletSetOperationModeChangedNotification.constprop.46
0000000000001b30 000000000000016c t _appletSetOutOfFocusSuspendingEnabled
0000000000001ca0 0000000000000164 t _appletSetPerformanceModeChangedNotification.constprop.47
0000000000001e10 000000000000016c t _appletCmdInU32.constprop.48
0000000000001f80 000000000000017c t _appletSetFocusHandlingMode
0000000000002100 0000000000000178 t _appletGetHandle.constprop.42
0000000000002280 0000000000000054 t _appletGetEvent.constprop.41
00000000000022e0 00000000000001f0 t _appletGetSessionProxy.constprop.40
0000000000002408 0000000000002000 b tmp_buffer.7271
00000000000024d0 0000000000000010 T appletGetAppletType
00000000000024e0 00000000000000f0 T appletSetFocusHandlingMode
00000000000025d0 0000000000000028 T appletGetAppletResourceUserId
0000000000002600 0000000000000174 T appletNotifyRunning
0000000000002780 0000000000000158 T appletSetGamePlayRecordingState
00000000000028e0 0000000000000050 T appletSetCpuBoostMode
0000000000002930 00000000000005dc T appletExit
0000000000002f10 00000000000004f0 T appletInitialize
0000000000003400 0000000000000010 t _appletExitProcess
0000000000003410 0000000000000014 T appletCreateManagedDisplayLayer
0000000000003430 000000000000005c T appletGetMessage
0000000000003490 0000000000000118 T appletProcessMessage
00000000000035b0 0000000000000034 T appletMainLoop
00000000000035f0 0000000000000034 t ipcCloseObjectById
0000000000003630 0000000000000124 t _hidGetSharedMemoryHandle.constprop.10
0000000000003760 0000000000000100 t _hidCmdWithNoInput
0000000000003860 0000000000000134 t _hidCreateAppletResource.constprop.9
00000000000039a0 000000000000010c t _hidCmdWithInputU32
0000000000003ab0 0000000000000108 t _hidCmdWithInputU64.constprop.11
0000000000003bc0 00000000000001e0 T hidReset
0000000000003da0 000000000000000c T hidGetSharedmemAddr
0000000000003db0 000000000000006c T hidKeysDown
0000000000003e20 000000000000000c T hidTouchCount
0000000000003e30 0000000000000578 T hidScanInput
00000000000043b0 0000000000000198 T hidSetSupportedNpadIdType
0000000000004550 000000000000000c T hidSetSupportedNpadStyleSet
0000000000004560 0000000000000008 T hidSetNpadJoyHoldType
0000000000004570 000000000000000c T hidSetNpadJoyAssignmentModeDual
0000000000004580 000000000000012c T hidExit
00000000000046b0 0000000000000168 T hidInitialize
0000000000004820 0000000000000034 t ipcCloseObjectById
0000000000004860 0000000000000124 t _apmGetSession.constprop.4
0000000000004990 00000000000000f0 T apmExit
0000000000004a80 0000000000000070 T apmInitialize
0000000000004af0 00000000000000cc T apmSetPerformanceConfiguration
0000000000004bc0 0000000000000140 t _fatalImpl
0000000000004d00 0000000000000014 T fatalWithType
0000000000004d20 0000000000000014 T fatalSimple
0000000000004d40 0000000000000044 T smAddOverrideHandle
0000000000004d90 0000000000000060 T smGetServiceOverride
0000000000004df0 0000000000000014 T smHasInitialized
0000000000004e10 000000000000005c T smExit
0000000000004e70 0000000000000038 T smEncodeName
0000000000004eb0 000000000000012c T smGetServiceOriginal
0000000000004fe0 00000000000001a0 T smInitialize
0000000000005180 0000000000000074 T smGetService
0000000000005200 0000000000000010 T hosversionGet
0000000000005210 0000000000000010 T hosversionSet
0000000000005220 0000000000000208 T envSetup
0000000000005430 0000000000000020 T envGetMainThreadHandle
0000000000005450 000000000000000c T envIsNso
0000000000005460 0000000000000014 T envHasHeapOverride
0000000000005480 000000000000000c T envGetHeapOverrideAddr
0000000000005490 000000000000000c T envGetHeapOverrideSize
00000000000054a0 0000000000000014 T envHasArgv
00000000000054c0 000000000000000c T envGetArgv
00000000000054d0 000000000000000c T envGetExitFuncPtr
00000000000054e0 000000000000000c T envSetExitFuncPtr
00000000000054f0 0000000000000044 t consoleDrawChar
0000000000005540 0000000000000140 t consoleClearLine
0000000000005680 000000000000004c t consoleNewRow
00000000000056d0 0000000000000118 t consolePrintChar
00000000000057f0 000000000000015c t consoleCls
0000000000005950 00000000000007e0 t con_write
0000000000006130 000000000000011c T consoleInit
0000000000006250 0000000000000048 T consoleExit
00000000000062a0 0000000000000028 T consoleUpdate
00000000000062d0 0000000000000070 t ConsoleSwRenderer_flushAndSwap
0000000000006340 00000000000000c4 t ConsoleSwRenderer_scrollWindow
0000000000006410 0000000000000188 t ConsoleSwRenderer_drawChar
00000000000065a0 000000000000003c t ConsoleSwRenderer_deinit
00000000000065e0 00000000000000f4 t ConsoleSwRenderer_init
00000000000066e0 000000000000000c W getDefaultConsoleRenderer
00000000000066ec T svcSetHeapSize
0000000000006700 T svcSetMemoryAttribute
0000000000006708 T svcUnmapMemory
0000000000006710 T svcQueryMemory
0000000000006724 T svcExitProcess
000000000000672c T svcSleepThread
0000000000006734 T svcMapSharedMemory
000000000000673c T svcUnmapSharedMemory
0000000000006744 T svcCreateTransferMemory
0000000000006758 T svcCloseHandle
0000000000006760 T svcResetSignal
0000000000006768 T svcWaitSynchronization
000000000000677c T svcArbitrateLock
0000000000006784 T svcArbitrateUnlock
000000000000678c T svcWaitProcessWideKeyAtomic
0000000000006794 T svcSignalProcessWideKey
000000000000679c T svcConnectToNamedPort
00000000000067b0 T svcSendSyncRequest
00000000000067b8 T svcBreak
00000000000067c0 T svcReturnFromException
00000000000067c8 T svcGetInfo
00000000000067dc T svcUnmapTransferMemory
00000000000067f0 000000000000017c T detectKernelVersion
0000000000006970 0000000000000030 T detectDebugger
00000000000069a0 0000000000000014 T shmemLoadRemote
00000000000069c0 0000000000000084 T shmemMap
0000000000006a50 0000000000000058 T shmemUnmap
0000000000006ab0 0000000000000044 T shmemClose
0000000000006b00 0000000000000104 t _waitLoop
0000000000006c10 0000000000000338 t _waitObjectsImpl
0000000000006f50 000000000000000c T waitObjects
0000000000006f60 0000000000000058 T rwlockReadLock
0000000000006fc0 000000000000005c T rwlockReadUnlock
0000000000007020 0000000000000084 T rwlockWriteLock
00000000000070b0 000000000000003c T rwlockWriteUnlock
00000000000070f0 00000000000000a8 T tmemCreate
00000000000071a0 0000000000000058 T tmemUnmap
0000000000007200 0000000000000068 T tmemClose
0000000000007270 000000000000008c T mutexLock
0000000000007300 0000000000000030 T mutexUnlock
0000000000007330 000000000000004c T rmutexLock
0000000000007380 000000000000001c T rmutexUnlock
00000000000073a0 000000000000007c t _GetRegionFromInfo.isra.1
0000000000007420 0000000000000114 T virtmemSetup
0000000000007540 000000000000013c T virtmemReserve
0000000000007680 0000000000000004 T virtmemFree
0000000000007690 000000000000000c T eventLoadRemote
00000000000076a0 0000000000000038 T eventWait
00000000000076e0 0000000000000050 T eventClose
0000000000007730 0000000000000060 T condvarWaitTimeout
0000000000007790 0000000000000080 T framebufferMakeLinear
0000000000007810 0000000000000078 T framebufferClose
0000000000007890 0000000000000298 T framebufferCreate
0000000000007b30 0000000000000080 T framebufferBegin
0000000000007bb0 000000000000017c T framebufferEnd
0000000000007d30 000000000000000c T nwindowGetDefault
0000000000007d40 00000000000000c8 T __nx_win_init
0000000000007e10 0000000000000034 T __nx_win_exit
0000000000007e50 0000000000000054 t _nwindowConnect
0000000000007eb0 0000000000000040 t _nwindowDisconnect
0000000000007ef0 0000000000000024 T nwindowIsValid
0000000000007f20 000000000000006c T nwindowClose
0000000000007f90 00000000000000c4 T nwindowCreate
0000000000008060 000000000000000c T nwindowCreateFromLayer
0000000000008070 0000000000000088 T nwindowSetDimensions
0000000000008100 0000000000000154 T nwindowConfigureBuffer
0000000000008260 00000000000001e4 T nwindowDequeueBuffer
0000000000008450 0000000000000144 T nwindowQueueBuffer
00000000000085a0 00000000000000ac T nwindowReleaseBuffers
0000000000008650 00000000000000a0 T __nx_dynamic
00000000000086f0 00000000000000d8 W __libnx_initheap
00000000000087d0 00000000000000dc W __appInit
00000000000088b0 0000000000000044 W __appExit
0000000000008900 0000000000000028 W __libnx_init
0000000000008930 0000000000000020 W __libnx_exit
0000000000008950 000000000000001c T __syscall_exit
0000000000008970 0000000000000034 T __syscall_getreent
00000000000089b0 0000000000000004 T __syscall_lock_acquire
00000000000089c0 0000000000000004 T __syscall_lock_release
00000000000089d0 0000000000000004 T __syscall_lock_acquire_recursive
00000000000089e0 0000000000000004 T __syscall_lock_release_recursive
00000000000089f0 000000000000027c T __libnx_init_time
0000000000008c70 0000000000000080 T newlibSetup
0000000000008cf0 0000000000000324 T argvSetup
0000000000009020 0000000000000010 t fsdev_link
0000000000009030 0000000000000010 t fsdev_dirreset
0000000000009040 0000000000000010 t fsdev_chmod
0000000000009050 000000000000001c t error_cmp
0000000000009070 0000000000000058 t fsdev_translate_error
00000000000090d0 0000000000000040 t fsdev_fsync
0000000000009110 0000000000000060 t fsdev_ftruncate
0000000000009170 0000000000000020 t fsdev_dirclose
0000000000009190 000000000000016c t fsdev_dirnext
0000000000009300 000000000000001c t fsdev_close
0000000000009320 00000000000000a4 t fsdev_fstat
00000000000093d0 00000000000000b0 t fsdev_seek
0000000000009480 0000000000000198 t fsdev_read
0000000000009620 00000000000001a0 t fsdev_write
00000000000097c0 0000000000000120 t fsdevFindDevice
00000000000098e0 0000000000000140 t _fsdevMountDevice
0000000000009a20 00000000000001fc t fsdev_getfspath
0000000000009c20 0000000000000070 t fsdev_rmdir
0000000000009c90 00000000000000d4 t fsdev_statvfs
0000000000009d70 00000000000000ec t fsdev_diropen
0000000000009e60 0000000000000070 t fsdev_mkdir
0000000000009ed0 0000000000000114 t fsdev_rename
0000000000009ff0 00000000000000e8 t fsdev_chdir
000000000000a0e0 0000000000000070 t fsdev_unlink
000000000000a150 00000000000001bc t fsdev_stat
000000000000a310 000000000000019c t fsdev_open
000000000000a4b0 00000000000000b8 t _fsdevUnmountDeviceStruct.part.4
000000000000a570 0000000000000010 t fsdev_fchmod
000000000000a580 0000000000000170 T fsdevMountSdmc
000000000000a6f0 0000000000000064 T fsdevUnmountAll
000000000000a760 000000000000012c T decode_utf8
000000000000a88c T armDCacheFlush
000000000000a8b0 t armDCacheFlush_L0
000000000000a8c8 W __libnx_exception_entry
000000000000a954 t __libnx_exception_entry_start
000000000000aa7c t __libnx_exception_entry_abort
000000000000aa80 t __libnx_exception_entry_end
000000000000aa88 T __libnx_exception_returnentry
000000000000aaa0 T __aarch64_read_tp
000000000000aab0 0000000000000034 t ipcCloseObjectById
000000000000aaf0 00000000000000d8 t _nvSetClientPID
000000000000abd0 00000000000000c8 t ipcQueryPointerBufferSize.constprop.10
000000000000aca0 00000000000000f0 t _nvInitialize.constprop.8
000000000000ad90 000000000000010c t ipcCloneSession.constprop.9
000000000000aea0 0000000000000100 T nvExit
000000000000afa0 0000000000000184 T nvInitialize
000000000000b130 000000000000012c T nvConvertError
000000000000b260 000000000000012c T nvOpen
000000000000b390 0000000000000270 T nvIoctl
000000000000b600 00000000000000dc T nvClose
000000000000b6e0 000000000000015c T nvQueryEvent
000000000000b840 0000000000000034 t ipcCloseObjectById
000000000000b880 000000000000012c t _timeGetSession
000000000000b9b0 00000000000001ec T timeExit
000000000000bba0 00000000000000d8 T timeInitialize
000000000000bc80 0000000000000124 T timeGetCurrentTime
000000000000bdb0 0000000000000118 T timeToCalendarTimeWithMyRule
000000000000bed0 0000000000000034 t ipcCloseObjectById
000000000000bf10 0000000000000134 t _viGetSession.constprop.7
000000000000c050 00000000000001e4 T viExit
000000000000c240 00000000000002f8 T viInitialize
000000000000c540 000000000000000c T viGetSession_IHOSBinderDriverRelay
000000000000c550 0000000000000140 T viOpenDisplay
000000000000c690 0000000000000104 T viCloseDisplay
000000000000c7a0 0000000000000104 T viCloseLayer
000000000000c8b0 0000000000000370 T viCreateLayer
000000000000cc20 00000000000000e8 T viSetLayerScalingMode
000000000000cd10 0000000000000034 t ipcCloseObjectById
000000000000cd50 00000000000001d4 t _setsysGetFirmwareVersionImpl
000000000000cf30 000000000000003c T setsysInitialize
000000000000cf70 000000000000009c T setsysExit
000000000000d010 0000000000000044 T setsysGetFirmwareVersion
000000000000d060 0000000000000220 t ipcPrepareHeader
000000000000d280 000000000000022c t ipcParse
000000000000d4b0 00000000000000b0 t serviceIpcParse
000000000000d560 0000000000000034 t ipcCloseObjectById
000000000000d5a0 0000000000000200 T fsInitialize
000000000000d7a0 000000000000009c T fsExit
000000000000d840 00000000000001cc T fsMountSdcard
000000000000da10 00000000000001a4 T fsFsCreateFile
000000000000dbc0 000000000000019c T fsFsDeleteFile
000000000000dd60 000000000000019c T fsFsCreateDirectory
000000000000df00 000000000000019c T fsFsDeleteDirectory
000000000000e0a0 0000000000000214 T fsFsRenameFile
000000000000e2c0 0000000000000214 T fsFsRenameDirectory
000000000000e4e0 00000000000001b0 T fsFsGetEntryType
000000000000e690 00000000000001e4 T fsFsOpenFile
000000000000e880 00000000000001f8 T fsFsOpenDirectory
000000000000ea80 00000000000001b0 T fsFsGetFreeSpace
000000000000ec30 00000000000001b0 T fsFsGetTotalSpace
000000000000ede0 0000000000000194 T fsFsGetFileTimeStampRaw
000000000000ef80 000000000000006c T fsFsClose
000000000000eff0 00000000000001f0 T fsFileRead
000000000000f1e0 00000000000001b8 T fsFileWrite
000000000000f3a0 000000000000016c T fsFileFlush
000000000000f510 0000000000000174 T fsFileSetSize
000000000000f690 0000000000000194 T fsFileGetSize
000000000000f830 000000000000006c T fsFileClose
000000000000f8a0 000000000000006c T fsDirClose
000000000000f910 00000000000001ec T fsDirRead
000000000000fb00 0000000000000060 t _nvFenceEventWaitCommon
000000000000fb60 000000000000005c T nvFenceInit
000000000000fbc0 0000000000000098 T nvFenceExit
000000000000fc60 00000000000001e4 T nvFenceWait
000000000000fe50 000000000000007c T nvMultiFenceWait
000000000000fed0 000000000000006c T nvMapInit
000000000000ff40 0000000000000068 T nvMapExit
000000000000ffb0 0000000000000084 T nvMapClose
0000000000010040 0000000000000150 T nvMapCreate
0000000000010190 0000000000000024 T nvioctlNvhostCtrl_EventSignal
00000000000101c0 000000000000003c T nvioctlNvhostCtrl_EventWait
0000000000010200 0000000000000028 T nvioctlNvhostCtrl_EventWaitAsync
0000000000010230 0000000000000024 T nvioctlNvhostCtrl_EventRegister
0000000000010260 0000000000000024 T nvioctlNvhostCtrl_EventUnregister
0000000000010290 000000000000003c T nvioctlNvmap_Create
00000000000102d0 0000000000000030 T nvioctlNvmap_Alloc
0000000000010300 0000000000000030 T nvioctlNvmap_Free
0000000000010330 000000000000003c T nvioctlNvmap_GetId
0000000000010370 00000000000000e8 T bqRequestBuffer
0000000000010460 0000000000000154 T bqDequeueBuffer
00000000000105c0 000000000000009c T bqDetachBuffer
0000000000010660 00000000000000e0 T bqQueueBuffer
0000000000010740 0000000000000090 T bqCancelBuffer
00000000000107d0 00000000000000e4 T bqConnect
00000000000108c0 000000000000009c T bqDisconnect
0000000000010960 0000000000000178 T bqSetPreallocatedBuffer
0000000000010ae0 0000000000000138 t _binderTransactParcel
0000000000010c20 00000000000000c8 t ipcQueryPointerBufferSize
0000000000010cf0 0000000000000248 t _binderTransactParcelAuto
0000000000010f40 0000000000000014 T binderCreate
0000000000010f60 0000000000000010 T binderTransactParcel
0000000000010f70 0000000000000124 T binderConvertErrorCode
00000000000110a0 00000000000000e8 T binderAdjustRefcount
0000000000011190 0000000000000074 T binderClose
0000000000011210 00000000000000c8 T binderInitSession
00000000000112e0 0000000000000144 T binderGetNativeHandle
0000000000011430 0000000000000028 T parcelCreate
0000000000011460 000000000000019c T parcelTransact
0000000000011600 0000000000000088 T parcelWriteData
0000000000011690 0000000000000098 T parcelReadData
0000000000011730 0000000000000020 T parcelWriteInt32
0000000000011750 0000000000000020 T parcelWriteUInt32
0000000000011770 0000000000000080 T parcelWriteString16
00000000000117f0 0000000000000030 T parcelWriteInterfaceToken
0000000000011820 0000000000000024 T parcelReadInt32
0000000000011850 0000000000000068 T parcelReadFlattenedObject
00000000000118c0 0000000000000044 T parcelWriteFlattenedObject
0000000000011910 00000000000000c4 T nxlinkSetup
00000000000119d8 0000000000000038 T aligned_alloc
0000000000011a10 00000000000000b8 T bsearch
0000000000011ac8 0000000000000030 T calloc
0000000000011af8 0000000000000094 T _calloc_r
0000000000011b90 0000000000000014 T __errno
0000000000011ba8 000000000000015c T _fclose_r
0000000000011d08 000000000000001c T fclose
0000000000011d28 0000000000000214 T __sflush_r
0000000000011f40 00000000000000b8 T _fflush_r
0000000000011ff8 0000000000000040 T fflush
0000000000012038 00000000000001b0 T _fgets_r
00000000000121e8 000000000000003c T fgets
0000000000012228 0000000000000078 t std
00000000000122a0 000000000000000c T _cleanup_r
00000000000122b0 0000000000000060 T __sfmoreglue
0000000000012310 000000000000000c T __sfp_lock_acquire
0000000000012320 000000000000000c T __sfp_lock_release
0000000000012330 000000000000000c T __sinit_lock_acquire
0000000000012340 000000000000000c T __sinit_lock_release
0000000000012350 0000000000000080 T __sinit
00000000000123d0 0000000000000118 T __sfp
00000000000124e8 0000000000000044 T __libc_fini_array
0000000000012530 0000000000000130 T _fopen_r
0000000000012660 0000000000000030 T fopen
0000000000012690 00000000000000b4 T _fputs_r
0000000000012748 0000000000000030 T fputs
0000000000012778 0000000000000118 T _malloc_trim_r
0000000000012890 00000000000002f4 T _free_r
0000000000012b88 0000000000000004 T _fseek_r
0000000000012b90 00000000000004c4 T _fseeko_r
0000000000013058 00000000000004b8 T __sfvwrite_r
0000000000013510 00000000000000b8 T _fwalk
00000000000135c8 00000000000000bc T _fwalk_reent
0000000000013688 000000000000008c T __libc_init_array
0000000000013718 00000000000000a4 T __swhatbuf_r
00000000000137c0 000000000000010c T __smakebuf_r
00000000000138d0 0000000000000030 T memalign
0000000000013900 0000000000000198 T _memalign_r
0000000000013a98 000000000000001c T malloc
0000000000013ab8 000000000000001c T free
0000000000013ad8 000000000000087c T _malloc_r
0000000000014354 00000000000000d8 T memchr
0000000000014440 000000000000016c T memcpy
00000000000145c0 00000000000000ac T memmove
0000000000014680 00000000000001dc T memset
0000000000014860 000000000000000c T __malloc_lock
0000000000014870 000000000000000c T __malloc_unlock
0000000000014880 000000000000008c T printf
0000000000014910 000000000000056c T _realloc_r
0000000000014e80 0000000000000020 t lflush
0000000000014ea0 00000000000001d0 T __srefill_r
0000000000015070 000000000000003c T setenv
00000000000150b0 0000000000000264 T _setenv_r
0000000000015318 000000000000025c T setvbuf
0000000000015578 00000000000000bc T sscanf
0000000000015638 0000000000000050 T __sread
0000000000015688 0000000000000008 T __seofread
0000000000015690 000000000000006c T __swrite
0000000000015700 0000000000000050 T __sseek
0000000000015750 0000000000000008 T __sclose
0000000000015758 0000000000000074 T strcat
00000000000157cc 00000000000000dc T strchr
00000000000158c0 00000000000001b8 T strcpy
0000000000015a78 0000000000000418 T _strerror_r
0000000000015e90 0000000000000024 T strerror
0000000000015ec0 0000000000000140 T strlen
0000000000016000 0000000000000084 T strncat
00000000000160dc 00000000000001b8 T strncmp
0000000000016298 00000000000000a8 T strncpy
0000000000016364 00000000000000e0 T strnlen
0000000000016420 00000000000001ac t _strtoul_l.isra.0
00000000000165d0 0000000000000034 T _strtoul_r
0000000000016608 0000000000000048 T strtoul
0000000000016650 000000000000005c t get_arg
00000000000166ac 0000000000002fd8 T __ssvfscanf_r
0000000000019688 0000000000000008 T _user_strerror
0000000000019690 000000000000076c t get_arg
0000000000019dfc 0000000000003c28 T _vfprintf_r
000000000001da24 00000000000000ec t __sbprintf
000000000001db10 00000000000000d0 T _wcrtomb_r
000000000001dbe0 0000000000000010 T _wcsrtombs_r
000000000001dbf0 0000000000000140 T __swsetup_r
000000000001dd30 0000000000000124 T __call_exitprocs
000000000001de58 00000000000001a8 t quorem
000000000001e000 00000000000010dc T _dtoa_r
000000000001f0e0 000000000000000c T __env_lock
000000000001f0f0 000000000000000c T __env_unlock
000000000001f100 00000000000000a8 T __sflags
000000000001f1a8 0000000000000100 T _findenv_r
000000000001f2a8 0000000000000008 T iswspace
000000000001f2b0 0000000000000008 T __localeconv_l
000000000001f2b8 0000000000000028 T _localeconv_r
000000000001f2e0 000000000000002c T __locale_mb_cur_max
000000000001f310 00000000000000d8 T _mbrtowc_r
000000000001f3e8 00000000000002c8 T __utf8_mbtowc
000000000001f6b0 0000000000000090 T _Balloc
000000000001f740 000000000000001c T _Bfree
000000000001f760 00000000000000e8 T __multadd
000000000001f848 0000000000000120 T __s2b
000000000001f968 000000000000005c T __hi0bits
000000000001f9c8 00000000000000a0 T __lo0bits
000000000001fa68 000000000000002c T __i2b
000000000001fa98 00000000000001c8 T __multiply
000000000001fc60 0000000000000104 T __pow5mult
000000000001fd68 0000000000000134 T __lshift
000000000001fea0 0000000000000050 T __mcmp
000000000001fef0 000000000000014c T __mdiff
0000000000020040 0000000000000068 T __ulp
00000000000200a8 0000000000000150 T __b2d
00000000000201f8 0000000000000138 T __d2b
0000000000020330 00000000000000a0 T __ratio
00000000000203d0 0000000000000068 T __copybits
0000000000020438 0000000000000084 T __any_on
00000000000204c0 0000000000000030 T realloc
00000000000204f0 00000000000000bc T __sccl
00000000000205b0 000000000000000c T nanf
00000000000205c0 000000000000007c T frexp
0000000000020640 00000000000000a8 T sprintf
00000000000206e8 00000000000000c8 T stpncpy
00000000000207c0 00000000000000e4 T strcmp
00000000000208a8 0000000000000054 t sulp
0000000000020900 00000000000010e8 T _strtod_l
00000000000219e8 0000000000000040 T _strtod_r
0000000000021a28 00000000000001a0 t _strtoll_l.isra.0
0000000000021bc8 0000000000000034 T _strtoll_r
0000000000021c00 00000000000001a0 t _strtol_l.isra.0
0000000000021da0 0000000000000034 T _strtol_r
0000000000021dd8 00000000000001ac t _strtoull_l.isra.0
0000000000021f88 0000000000000034 T _strtoull_r
0000000000021fbc 00000000000001c0 T __ssprint_r
000000000002217c 00000000000000f4 T _sungetc_r
0000000000022270 0000000000000070 T __ssrefill_r
00000000000222e0 00000000000000e0 T _sfread_r
00000000000223c0 000000000000076c t get_arg
0000000000022b2c 0000000000003b38 T _svfprintf_r
0000000000026668 00000000000000c8 T __submore
0000000000026730 000000000000003c T __sprint_r
0000000000026770 00000000000001dc T _wcsnrtombs_l
0000000000026950 0000000000000054 T _wcsnrtombs_r
00000000000269a8 00000000000000e4 T __utf8_wctomb
0000000000026a90 0000000000000114 t rshift
0000000000026ba8 00000000000007e8 T __gethex
0000000000027390 0000000000000048 T __match
00000000000273d8 000000000000022c T __hexnan
0000000000027608 000000000000004c T iswspace_l
0000000000027658 0000000000000244 t __jp2uc
00000000000278a0 00000000000000bc T _jp2uc_l
0000000000027960 000000000000000c T nan
0000000000027970 0000000000000088 T category
00000000000279f8 0000000000000008 t null_write
0000000000027a00 0000000000000018 T setDefaultDevice
0000000000027a18 0000000000000108 T FindDevice
0000000000027b20 0000000000000034 T RemoveDevice
0000000000027b58 00000000000000d8 T AddDevice
0000000000027c30 00000000000000a8 T _close_r
0000000000027cd8 0000000000000080 T _fstat_r
0000000000027d58 0000000000000008 T _isatty_r
0000000000027d60 0000000000000094 T _lseek_r
0000000000027df8 00000000000000e0 T _open_r
0000000000027ed8 00000000000000a4 T _read_r
0000000000027f80 0000000000000078 T _sbrk_r
0000000000027ff8 00000000000000a4 T _write_r
00000000000280a0 0000000000000020 T _exit
00000000000280c0 0000000000000234 T _concatenate_path
00000000000282f8 0000000000000178 T chdir
0000000000028470 0000000000000014 T __libc_lock_acquire
0000000000028488 0000000000000014 T __libc_lock_release
00000000000284a0 000000000000000c T __libc_lock_init_recursive
00000000000284b0 0000000000000014 T __libc_lock_acquire_recursive
00000000000284c8 0000000000000014 T __libc_lock_release_recursive
00000000000284e0 0000000000000004 T __libc_lock_close_recursive
00000000000284e8 000000000000003c T __free_handle
0000000000028528 0000000000000058 T __release_handle
0000000000028580 00000000000000c0 T __alloc_handle
0000000000028640 0000000000000020 T __get_handle
0000000000028660 0000000000000020 T __getreent
0000000000028680 0000000000000150 t __extenddftf2
00000000000287d0 0000000000000348 t __trunctfdf2
0000000000028b18 0000000000000070 t __sfp_handle_exceptions
0000000000028b88 0000000000000100 T strrchr
0000000000028c88 T _fini
0000000000029000 R __rodata_start
0000000000029170 0000000000000014 r CSWTCH.93
00000000000292c0 0000000000000030 r colorTable
00000000000292f0 R default_font_bin
000000000002b2f0 R default_font_bin_end
000000000002b2f0 R default_font_bin_size
000000000002b2f8 0000000000000038 r g_nvColorFmtTable
000000000002b348 0000000000000020 r error_table
000000000002b3e8 0000000000000023 r g_bq_InterfaceDescriptor
000000000002b420 0000000000000101 R _ctype_
000000000002bea0 0000000000000022 r basefix.6623
000000000002c050 0000000000000010 r blanks.6605
000000000002c060 0000000000000010 r zeroes.6606
000000000002c108 0000000000000028 R __mprec_bigtens
000000000002c130 00000000000000c8 R __mprec_tens
000000000002c1f8 000000000000000c r p05.5339
000000000002c238 0000000000000014 r fpi.5419
000000000002c250 0000000000000014 r fpinan.5455
000000000002c268 0000000000000028 r tinytens
000000000002c290 000000000000006c R __action_table
000000000002c300 0000000000000100 R __chclass
000000000002c400 000000000000006c R __state_table
000000000002c5b8 0000000000000010 r blanks.6590
000000000002c5c8 0000000000000010 r zeroes.6591
000000000002c5d8 0000000000000100 R __hexdig
000000000002c6f0 00000000000000bc r a1
000000000002c7b0 00000000000000bc r a2
000000000002c870 000000000000005b r a3
000000000002c8d0 0000000000000070 r a6
000000000002c940 00000000000000a2 r a7
000000000002c9e8 0000000000000040 r a8
000000000002ca28 000000000000172a r b02cf
000000000002e158 0000000000001a7c r d02f4
000000000002fbd8 000000000000309c r categories
0000000000032c80 0000000000000003 R DIRECTORY_PARENT
0000000000032c88 r __EH_FRAME_BEGIN__
0000000000032c88 R __eh_frame_hdr_end
0000000000032c88 R __eh_frame_hdr_start
00000000000388c4 r __FRAME_END__
00000000000388c8 a _DYNAMIC
000000000003c000 R __data_start
000000000003c000 t __frame_dummy_init_array_entry
000000000003c000 T __init_array_start
000000000003c000 B __preinit_array_end
000000000003c000 B __preinit_array_start
000000000003c000 D __tdata_lma
000000000003c000 D __tdata_lma_end
000000000003c008 t __do_global_dtors_aux_fini_array_entry
000000000003c008 T __fini_array_start
000000000003c008 T __init_array_end
000000000003c010 a _GLOBAL_OFFSET_TABLE_
000000000003c010 T __fini_array_end
000000000003c010 T __got_start__
000000000003c288 D __got_end__
000000000003c288 0000000000000001 V __nx_applet_auto_notifyrunning
000000000003c28c 0000000000000004 V __nx_applet_type
000000000003c290 0000000000000001 d firstConsoleInit.6161
000000000003c298 0000000000000058 d defaultConsole
000000000003c2f0 0000000000000008 d currentConsole
000000000003c2f8 00000000000000e0 d dotab_stdout
000000000003c3d8 0000000000000088 d s_consoleSwRenderer
000000000003c460 0000000000000008 V __nx_exception_stack_size
000000000003c468 0000000000000401 d __cwd
000000000003c86c 0000000000000004 d fsdev_fsdevice_cwd
000000000003c870 0000000000000004 d fsdev_fsdevice_default
000000000003c878 00000000000000e0 d fsdev_devoptab
000000000003c958 0000000000000004 V __nx_nv_transfermem_size
000000000003c95c 0000000000000004 V __nx_vi_stray_layer_flags
000000000003c960 0000000000000004 d g_viServiceType
000000000003c964 0000000000000004 d g_ctrl_fd
000000000003c968 0000000000000004 d g_nvmap_fd
000000000003c970 0000000000000008 D _impure_ptr
000000000003c978 0000000000000768 d impure_data
000000000003d0e0 0000000000000008 D _global_impure_ptr
000000000003d0e8 0000000000000008 D __malloc_sbrk_base
000000000003d0f0 0000000000000008 D __malloc_trim_threshold
000000000003d0f8 0000000000000810 D __malloc_av_
000000000003d908 0000000000000008 D environ
000000000003d910 00000000000001a8 D __global_locale
000000000003dab8 0000000000000002 d numempty
000000000003dac0 0000000000000018 D _C_numeric_locale
000000000003dad8 0000000000000004 d defaultDevice
000000000003dae0 0000000000000080 D devoptab_list
000000000003db60 00000000000000e0 D dotab_stdnull
000000000003dc40 0000000000000400 d _current_working_directory
000000000003e040 0000000000000010 d __stderr_handle
000000000003e050 0000000000000010 d __stdin_handle
000000000003e060 0000000000000010 d __stdout_handle
000000000003e070 0000000000002000 d handles
0000000000040070 D __TMC_END__
0000000000040070 D __bss_start__
0000000000040070 b completed.7870
0000000000040078 b object.7875
00000000000400a8 0000000000000008 V __nx_applet_PerformanceConfiguration
00000000000400b0 0000000000000004 V __nx_applet_exit_mode
00000000000400b4 0000000000000004 b g_appletCpuBoostMode
00000000000400b8 0000000000000001 b g_appletExitProcessFlag
00000000000400c0 0000000000000018 b g_appletFirstHook
00000000000400d8 0000000000000001 b g_appletFocusState
00000000000400e0 000000000000000c b g_appletIApplicationCreator
00000000000400f0 000000000000000c b g_appletIAudioController
0000000000040100 000000000000000c b g_appletICommonStateGetter
0000000000040110 000000000000000c b g_appletIDebugFunctions
0000000000040120 000000000000000c b g_appletIDisplayController
0000000000040130 000000000000000c b g_appletIFunctions
0000000000040140 000000000000000c b g_appletIGlobalStateController
0000000000040150 000000000000000c b g_appletILibraryAppletCreator
0000000000040160 000000000000000c b g_appletILibraryAppletSelfAccessor
0000000000040170 000000000000000c b g_appletIProcessWindingController
0000000000040180 000000000000000c b g_appletISelfController
0000000000040190 000000000000000c b g_appletIWindowController
00000000000401a0 000000000000000c b g_appletLibraryAppletLaunchableEvent
00000000000401b0 000000000000000c b g_appletMessageEvent
00000000000401bc 0000000000000001 b g_appletNotifiedRunning
00000000000401bd 0000000000000001 b g_appletOperationMode
00000000000401c0 0000000000000004 b g_appletPerformanceMode
00000000000401c8 000000000000000c b g_appletProxySession
00000000000401d4 0000000000000004 b g_appletRecordingInitialized
00000000000401d8 0000000000000028 b g_appletRecordingTmem
0000000000040200 0000000000000008 b g_appletResourceUserId
0000000000040208 000000000000000c b g_appletSrv
0000000000040218 0000000000000008 b g_refCnt
0000000000040220 0000000000000050 b g_controllerDown
0000000000040270 00000000000001e0 b g_controllerEntries
0000000000040450 0000000000000190 b g_controllerHeaders
00000000000405e0 0000000000000050 b g_controllerHeld
0000000000040630 0000000000000028 b g_controllerLayout
0000000000040658 0000000000000050 b g_controllerOld
00000000000406a8 0000000000000004 b g_controllerP1AutoID
00000000000406b0 0000000000000050 b g_controllerTimestamps
0000000000040700 0000000000000050 b g_controllerUp
0000000000040750 000000000000000c b g_hidIAppletResource
0000000000040760 0000000000000010 b g_hidLock
0000000000040770 0000000000000020 b g_hidSharedmem
0000000000040790 000000000000000c b g_hidSrv
00000000000407a0 0000000000000020 b g_keyboardDown
00000000000407c0 0000000000000038 b g_keyboardEntry
00000000000407f8 0000000000000020 b g_keyboardHeld
0000000000040818 0000000000000008 b g_keyboardModDown
0000000000040820 0000000000000008 b g_keyboardModHeld
0000000000040828 0000000000000008 b g_keyboardModOld
0000000000040830 0000000000000008 b g_keyboardModUp
0000000000040838 0000000000000020 b g_keyboardOld
0000000000040858 0000000000000008 b g_keyboardTimestamp
0000000000040860 0000000000000020 b g_keyboardUp
0000000000040880 0000000000000400 b g_mouse
0000000000040c80 0000000000000008 b g_mouseDown
0000000000040c88 0000000000000008 b g_mouseEntry
0000000000040c90 0000000000000008 b g_mouseHeld
0000000000040c98 0000000000000008 b g_mouseOld
0000000000040ca0 0000000000000008 b g_mouseTimestamp
0000000000040ca8 0000000000000008 b g_mouseUp
0000000000040cb0 0000000000000008 b g_refCnt
0000000000040cb8 000000000000000a b g_sixaxisEnabled
0000000000040cc8 0000000000004650 b g_sixaxisLayouts
0000000000045318 0000000000000298 b g_touchEntry
00000000000455b0 0000000000000008 b g_touchTimestamp
00000000000455b8 000000000000000c b g_apmISession
00000000000455c8 000000000000000c b g_apmSrv
00000000000455d8 0000000000000008 b g_refCnt
00000000000455e0 0000000000000008 b g_refCnt
00000000000455e8 0000000000000004 b g_smHandle
00000000000455f0 0000000000000200 b g_smOverrides
00000000000457f0 0000000000000008 b g_smOverridesNum
00000000000457f8 0000000000000004 b g_hosVersion
00000000000457fc 0000000000000001 b g_hasRandomSeed
00000000000457fd 0000000000000001 b g_isNso
0000000000045800 0000000000000004 b g_lastLoadResult
0000000000045808 0000000000000008 b g_loaderRetAddr
0000000000045810 0000000000000004 b g_mainThreadHandle
0000000000045818 0000000000000008 b g_nextLoadArgv
0000000000045820 0000000000000008 b g_nextLoadPath
0000000000045828 0000000000000008 b g_overrideArgv
0000000000045830 0000000000000008 b g_overrideHeapAddr
0000000000045838 0000000000000008 b g_overrideHeapSize
0000000000045840 0000000000000004 b g_processHandle
0000000000045848 0000000000000010 b g_randomSeed
0000000000045858 0000000000000010 b g_syscallHints
0000000000045868 0000000000000058 b currentCopy
00000000000458c0 0000000000000004 b g_Version
00000000000458c4 0000000000000001 b g_VersionCached
00000000000458c8 0000000000000004 b g_VersionMutex
00000000000458d0 0000000000000010 b g_AddressSpace
00000000000458e0 0000000000000008 b g_CurrentAddr
00000000000458e8 0000000000000030 b g_Region
0000000000045918 0000000000000004 b g_VirtMemMutex
0000000000045920 0000000000000078 b g_defaultWin
0000000000045998 0000000000000050 b g_viDisplay
00000000000459e8 0000000000000010 b g_viLayer
00000000000459f8 0000000000000004 V __nx_exception_ignoredebug
0000000000045a00 0000000000000400 V __nx_exception_stack
0000000000045e00 0000000000000008 V __nx_heap_size
0000000000045e08 0000000000000008 b __bootticks
0000000000045e10 0000000000000008 b __boottime
0000000000045e18 0000000000000004 V __nx_time_type
0000000000045e20 0000000000000008 b g_argv_empty
0000000000045e28 0000000000002300 b fsdev_fsdevices
0000000000048128 0000000000000001 b fsdev_initialised
0000000000048130 0000000000000008 b g_nvIpcBufferSize
0000000000048138 000000000000000c b g_nvSrv
0000000000048148 000000000000000c b g_nvSrvClone
0000000000048158 0000000000000028 b g_nvTransfermem
0000000000048180 0000000000000008 b g_refCnt
0000000000048188 0000000000000008 b g_refCnt
0000000000048190 000000000000000c b g_timeLocalSystemClock
00000000000481a0 000000000000000c b g_timeNetworkSystemClock
00000000000481b0 000000000000000c b g_timeSrv
00000000000481c0 000000000000000c b g_timeTimeZoneService
00000000000481d0 000000000000000c b g_timeUserSystemClock
00000000000481e0 0000000000000008 V __nx_vi_layer_id
00000000000481e8 000000000000000c b g_viIApplicationDisplayService
00000000000481f8 000000000000000c b g_viIHOSBinderDriverIndirect
0000000000048208 000000000000000c b g_viIHOSBinderDriverRelay
0000000000048218 000000000000000c b g_viIManagerDisplayService
0000000000048228 000000000000000c b g_viISystemDisplayService
0000000000048238 0000000000000008 b g_refCntSys
0000000000048240 000000000000000c b g_setsysSrv
0000000000048250 000000000000000c b g_fsSrv
0000000000048260 0000000000000008 b g_refCnt
0000000000048268 0000000000000008 b g_NvEventUsedMask
0000000000048270 0000000000000300 b g_NvEvents
0000000000048570 0000000000000008 b g_refCnt
0000000000048578 0000000000000008 b g_refCnt
0000000000048580 000000000000000c b __sfp_recursive_mutex
0000000000048590 000000000000000c b __sinit_recursive_mutex
00000000000485a0 0000000000000028 B __malloc_current_mallinfo
00000000000485c8 0000000000000008 B __malloc_max_sbrked_mem
00000000000485d0 0000000000000008 B __malloc_max_total_mem
00000000000485d8 0000000000000008 B __malloc_top_pad
00000000000485e0 000000000000000c b __malloc_recursive_mutex
00000000000485ec 0000000000000004 b alloced.4086
00000000000485f0 000000000000000c B __atexit_recursive_mutex
0000000000048600 0000000000000008 b initial_env
0000000000048608 000000000000000c b __env_recursive_mutex
0000000000048618 0000000000000008 b heap_start.5295
0000000000048620 0000000000000008 B fake_heap_end
0000000000048628 0000000000000008 B fake_heap_start
0000000000048630 0000000000000400 b temp_cwd
0000000000048a30 0000000000000004 b __hndl_lock
0000000000048a40 0000000000000340 B __nx_exceptiondump
0000000000048d80 0000000000000008 B __stack_top
0000000000048d88 0000000000000008 B __system_argv
0000000000048d90 0000000000000004 B __system_argc
0000000000048d98 0000000000000004 B __nxlink_host
0000000000048da0 B __tls_start
000000000004d1a8 B __bss_end__
000000000004d1a8 A __end__
000000000004d1a8 B __tls_end
000000000004e000 A __argdata__
